Arguments: 
  /Users/williamthirkettle/.nvm/versions/node/v12.14.0/bin/node /usr/local/Cellar/yvm/3.6.1/versions/v1.22.0/bin/yarn.js add @babel/polyfill ramda react react-dom react-redux redux redux-devtools-extension redux-saga reselect sanitize.css styled-component

PATH: 
  /usr/local/Cellar/yvm/3.6.1/shim:/Users/williamthirkettle/.nvm/versions/node/v12.14.0/bin:/usr/local/bin:/usr/local/sbin:/usr/bin:/bin:/usr/sbin:/sbin

Yarn version: 
  1.22.0

Node version: 
  12.14.0

Platform: 
  darwin x64

Trace: 
  Error: https://registry.npmjs.org/styled-component: Not found
      at Request.params.callback [as _callback] (/usr/local/var/yvm/versions/v1.22.0/lib/cli.js:66975:18)
      at Request.self.callback (/usr/local/var/yvm/versions/v1.22.0/lib/cli.js:140727:22)
      at Request.emit (events.js:210:5)
      at Request.<anonymous> (/usr/local/var/yvm/versions/v1.22.0/lib/cli.js:141699:10)
      at Request.emit (events.js:210:5)
      at IncomingMessage.<anonymous> (/usr/local/var/yvm/versions/v1.22.0/lib/cli.js:141621:12)
      at Object.onceWrapper (events.js:299:28)
      at IncomingMessage.emit (events.js:215:7)
      at endReadableNT (_stream_readable.js:1184:12)
      at processTicksAndRejections (internal/process/task_queues.js:80:21)

npm manifest: 
  {
    "name": "structure-it-test",
    "version": "1.0.0",
    "main": "index.js",
    "license": "MIT"
  }

yarn manifest: 
  No manifest

Lockfile: 
  No lockfile
